[dynet] random seed: 87681454
[dynet] allocating memory: 512MB
[dynet] memory allocation done.
load data
load model
pid P19	acc 0.0121/0.0121	len_acc 0.1697/0.1697	prompt [X]的出生地是[Y]。
pid P19	#fact 165	#notrans 835	#notexist 0	#multiword 165,False	#singleword 0,False	oracle 0.0121	time 16.4
pid P20	acc 0.0000/0.0000	len_acc 0.1106/0.1106	prompt [X]的死亡地是[Y]。
pid P20	#fact 208	#notrans 790	#notexist 2	#multiword 208,False	#singleword 0,False	oracle 0.0000	time 21.6
pid P279	acc 0.0338/0.0338	len_acc 0.1944/0.1944	prompt [X]的父类是[Y]。
pid P279	#fact 710	#notrans 278	#notexist 12	#multiword 676,False	#singleword 34,False	oracle 0.0338	time 58.8
pid P37	acc 0.0585/0.0585	len_acc 0.2297/0.2297	prompt [X]的官方语言是[Y]。
pid P37	#fact 975	#notrans 25	#notexist 0	#multiword 975,False	#singleword 0,False	oracle 0.0585	time 88.2
pid P413	acc 0.0681/0.0681	len_acc 0.1099/0.1099	prompt [X]的场上位置是[Y]。
pid P413	#fact 191	#notrans 807	#notexist 2	#multiword 191,False	#singleword 0,False	oracle 0.0681	time 17.8
pid P166	acc 0.0000/0.0000	len_acc 0.0023/0.0023	prompt [X]被授予[Y]。
pid P166	#fact 429	#notrans 569	#notexist 2	#multiword 429,False	#singleword 0,False	oracle 0.0000	time 37.4
pid P449	acc 0.0050/0.0050	len_acc 0.0723/0.0723	prompt [X]首播于[Y]。
pid P449	#fact 401	#notrans 597	#notexist 2	#multiword 382,False	#singleword 19,False	oracle 0.0050	time 31.9
pid P69	acc 0.0000/0.0000	len_acc 0.0000/0.0000	prompt [X]就读于[Y]。
pid P69	#fact 130	#notrans 870	#notexist 0	#multiword 130,False	#singleword 0,False	oracle 0.0000	time 11.7
pid P47	acc 0.0071/0.0071	len_acc 0.1312/0.1312	prompt [X]和[Y]接壤。
pid P47	#fact 983	#notrans 16	#notexist 1	#multiword 983,False	#singleword 0,False	oracle 0.0071	time 79.0
pid P138	acc 0.0180/0.0180	len_acc 0.0413/0.0413	prompt [X]是以[Y]命名的。
pid P138	#fact 557	#notrans 437	#notexist 6	#multiword 553,False	#singleword 4,False	oracle 0.0180	time 52.5
pid P364	acc 0.0257/0.0257	len_acc 0.1471/0.1471	prompt [X]的创作语言是[Y]。
pid P364	#fact 272	#notrans 726	#notexist 2	#multiword 272,False	#singleword 0,False	oracle 0.0257	time 24.6
pid P54	acc 0.0000/0.0000	len_acc 0.0165/0.0165	prompt [X]的所属运动队是[Y]。
pid P54	#fact 182	#notrans 818	#notexist 0	#multiword 182,False	#singleword 0,False	oracle 0.0000	time 16.3
pid P463	acc 0.0052/0.0052	len_acc 0.0173/0.0173	prompt [X]是[Y]的成员。
pid P463	#fact 578	#notrans 420	#notexist 2	#multiword 574,False	#singleword 4,False	oracle 0.0052	time 50.8
pid P101	acc 0.0021/0.0021	len_acc 0.0500/0.0500	prompt [X]的工作领域是[Y]。
pid P101	#fact 480	#notrans 520	#notexist 0	#multiword 478,False	#singleword 2,False	oracle 0.0021	time 47.7
pid P1923	acc 0.0000/0.0000	len_acc 0.0011/0.0011	prompt [X]的参与队伍是[Y]。
pid P1923	#fact 873	#notrans 115	#notexist 12	#multiword 873,False	#singleword 0,False	oracle 0.0000	time 84.8
pid P106	acc 0.0000/0.0000	len_acc 0.0755/0.0755	prompt [X]的职业是[Y]。
pid P106	#fact 318	#notrans 681	#notexist 1	#multiword 317,False	#singleword 1,False	oracle 0.0000	time 28.1
pid P527	acc 0.0161/0.0161	len_acc 0.1500/0.1500	prompt [X]子类是[Y]。
pid P527	#fact 620	#notrans 350	#notexist 30	#multiword 555,False	#singleword 65,False	oracle 0.0161	time 48.9
pid P102	acc 0.0000/0.0000	len_acc 0.0000/0.0000	prompt [X]属于[Y]政党。
pid P102	#fact 271	#notrans 727	#notexist 2	#multiword 271,False	#singleword 0,False	oracle 0.0000	time 23.3
pid P530	acc 0.0040/0.0040	len_acc 0.1900/0.1900	prompt [X]与[Y]是邦交国。
pid P530	#fact 1000	#notrans 0	#notexist 0	#multiword 1000,False	#singleword 0,False	oracle 0.0040	time 78.4
pid P176	acc 0.1338/0.1338	len_acc 0.2141/0.2141	prompt [X]的生产商是[Y]。
pid P176	#fact 411	#notrans 587	#notexist 2	#multiword 402,False	#singleword 9,False	oracle 0.1338	time 36.5
pid P27	acc 0.0813/0.0813	len_acc 0.3344/0.3344	prompt [X]的国籍是[Y]。
pid P27	#fact 320	#notrans 678	#notexist 2	#multiword 320,False	#singleword 0,False	oracle 0.0812	time 29.2
pid P407	acc 0.1308/0.1308	len_acc 0.3198/0.3198	prompt [X]的语言是[Y]。
pid P407	#fact 344	#notrans 656	#notexist 0	#multiword 344,False	#singleword 0,False	oracle 0.1308	time 29.5
pid P30	acc 0.0657/0.0657	len_acc 0.3203/0.3203	prompt [X]所属大洲是[Y]。
pid P30	#fact 943	#notrans 56	#notexist 1	#multiword 943,False	#singleword 0,False	oracle 0.0657	time 74.5
pid P178	acc 0.0199/0.0199	len_acc 0.0578/0.0578	prompt [X]是由[Y]开发的。
pid P178	#fact 502	#notrans 494	#notexist 4	#multiword 487,False	#singleword 15,False	oracle 0.0199	time 44.1
pid P1376	acc 0.0033/0.0033	len_acc 0.0735/0.0735	prompt [X]是[Y]的首府。
pid P1376	#fact 912	#notrans 88	#notexist 0	#multiword 912,False	#singleword 0,False	oracle 0.0033	time 72.3
pid P131	acc 0.0096/0.0096	len_acc 0.1061/0.1061	prompt [X]的行政区是[Y]。
pid P131	#fact 622	#notrans 378	#notexist 0	#multiword 622,False	#singleword 0,False	oracle 0.0096	time 56.6
pid P1412	acc 0.1600/0.1600	len_acc 0.3089/0.3089	prompt [X]的语言是[Y]。
pid P1412	#fact 450	#notrans 550	#notexist 0	#multiword 450,False	#singleword 0,False	oracle 0.1600	time 45.6
pid P108	acc 0.0000/0.0000	len_acc 0.0202/0.0202	prompt [X]的雇主是[Y]。
pid P108	#fact 248	#notrans 751	#notexist 1	#multiword 248,False	#singleword 0,False	oracle 0.0000	time 23.5
pid P136	acc 0.0000/0.0000	len_acc 0.0487/0.0487	prompt [X]的艺术流派是[Y]。
pid P136	#fact 411	#notrans 587	#notexist 2	#multiword 411,False	#singleword 0,False	oracle 0.0000	time 38.4
pid P17	acc 0.0645/0.0645	len_acc 0.2411/0.2411	prompt [X]的主权国家是[Y]。
pid P17	#fact 589	#notrans 411	#notexist 0	#multiword 589,False	#singleword 0,False	oracle 0.0645	time 52.8
pid P39	acc 0.0018/0.0018	len_acc 0.0497/0.0497	prompt [X]的职位是[Y]。
pid P39	#fact 543	#notrans 456	#notexist 1	#multiword 543,False	#singleword 0,False	oracle 0.0018	time 53.4
pid P264	acc 0.0055/0.0055	len_acc 0.0164/0.0164	prompt [X]的唱片厂商是[Y]。
pid P264	#fact 183	#notrans 817	#notexist 0	#multiword 182,False	#singleword 1,False	oracle 0.0055	time 16.9
pid P276	acc 0.0690/0.0690	len_acc 0.1862/0.1862	prompt [X]位于[Y]。
pid P276	#fact 478	#notrans 522	#notexist 0	#multiword 477,False	#singleword 1,False	oracle 0.0690	time 41.6
pid P937	acc 0.0032/0.0032	len_acc 0.1258/0.1258	prompt [X]的工作地点是[Y]。
pid P937	#fact 310	#notrans 690	#notexist 0	#multiword 310,False	#singleword 0,False	oracle 0.0032	time 33.0
pid P140	acc 0.0046/0.0046	len_acc 0.0159/0.0159	prompt [X]的宗教信仰是[Y]。
pid P140	#fact 439	#notrans 556	#notexist 5	#multiword 439,False	#singleword 0,False	oracle 0.0046	time 38.6
pid P1303	acc 0.0000/0.0000	len_acc 0.2008/0.2008	prompt [X]演奏[Y]。
pid P1303	#fact 249	#notrans 751	#notexist 0	#multiword 246,False	#singleword 3,False	oracle 0.0000	time 21.4
pid P127	acc 0.0060/0.0060	len_acc 0.0262/0.0262	prompt [X]归[Y]所有。
pid P127	#fact 496	#notrans 502	#notexist 2	#multiword 495,False	#singleword 1,False	oracle 0.0060	time 42.7
pid P103	acc 0.1282/0.1282	len_acc 0.4454/0.4454	prompt [X]的母语是[Y]。
pid P103	#fact 476	#notrans 523	#notexist 1	#multiword 476,False	#singleword 0,False	oracle 0.1282	time 44.3
pid P190	acc 0.0010/0.0010	len_acc 0.1919/0.1919	prompt [X]与[Y]是友好城市。
pid P190	#fact 990	#notrans 10	#notexist 0	#multiword 990,False	#singleword 0,False	oracle 0.0010	time 82.0
pid P1001	acc 0.1295/0.1295	len_acc 0.2101/0.2101	prompt [X]的管辖范围是[Y]。
pid P1001	#fact 633	#notrans 366	#notexist 1	#multiword 633,False	#singleword 0,False	oracle 0.1295	time 64.1
pid P31	acc 0.0654/0.0654	len_acc 0.2004/0.2004	prompt [X]属于[Y]。
pid P31	#fact 459	#notrans 541	#notexist 0	#multiword 415,False	#singleword 44,False	oracle 0.0654	time 37.9
pid P495	acc 0.0305/0.0305	len_acc 0.3333/0.3333	prompt [X]的原产地是[Y]。
pid P495	#fact 393	#notrans 605	#notexist 2	#multiword 393,False	#singleword 0,False	oracle 0.0305	time 33.2
pid P159	acc 0.0909/0.0909	len_acc 0.2635/0.2635	prompt [X]的总部位于[Y]。
pid P159	#fact 539	#notrans 460	#notexist 1	#multiword 539,False	#singleword 0,False	oracle 0.0909	time 48.3
pid P36	acc 0.0606/0.0606	len_acc 0.2335/0.2335	prompt [X]的行政中心是[Y]。
pid P36	#fact 908	#notrans 89	#notexist 3	#multiword 908,False	#singleword 0,False	oracle 0.0606	time 85.5
pid P740	acc 0.0000/0.0000	len_acc 0.1841/0.1841	prompt [X]成立于[Y]。
pid P740	#fact 364	#notrans 634	#notexist 2	#multiword 364,False	#singleword 0,False	oracle 0.0000	time 28.7
pid P361	acc 0.0034/0.0034	len_acc 0.0460/0.0460	prompt [X]构成[Y]。
pid P361	#fact 587	#notrans 411	#notexist 2	#multiword 580,False	#singleword 7,False	oracle 0.0034	time 52.9
acc per fact 790/23142=0.0341	acc per relation 0.0331372123166586	avg iter 7.638200339558574	num_max_mask 4544
