[dynet] random seed: 3962384036
[dynet] allocating memory: 512MB
[dynet] memory allocation done.
load data
load model
pid P19	acc 0.0121/0.0121	len_acc 0.1455/0.1455	prompt [X]的出生地是[Y]。
pid P19	#fact 165	#notrans 835	#notexist 0	#multiword 165,False	#singleword 0,False	oracle 0.0121	time 11.3
pid P20	acc 0.0000/0.0000	len_acc 0.0962/0.0962	prompt [X]的死亡地是[Y]。
pid P20	#fact 208	#notrans 790	#notexist 2	#multiword 208,False	#singleword 0,False	oracle 0.0000	time 15.1
pid P279	acc 0.0338/0.0338	len_acc 0.1944/0.1944	prompt [X]的父类是[Y]。
pid P279	#fact 710	#notrans 278	#notexist 12	#multiword 676,False	#singleword 34,False	oracle 0.0338	time 34.3
pid P37	acc 0.0431/0.0431	len_acc 0.2144/0.2144	prompt [X]的官方语言是[Y]。
pid P37	#fact 975	#notrans 25	#notexist 0	#multiword 975,False	#singleword 0,False	oracle 0.0431	time 48.1
pid P413	acc 0.0628/0.0628	len_acc 0.0995/0.0995	prompt [X]的场上位置是[Y]。
pid P413	#fact 191	#notrans 807	#notexist 2	#multiword 191,False	#singleword 0,False	oracle 0.0628	time 9.6
pid P166	acc 0.0000/0.0000	len_acc 0.0000/0.0000	prompt [X]被授予[Y]。
pid P166	#fact 429	#notrans 569	#notexist 2	#multiword 429,False	#singleword 0,False	oracle 0.0000	time 21.0
pid P449	acc 0.0050/0.0050	len_acc 0.0574/0.0574	prompt [X]首播于[Y]。
pid P449	#fact 401	#notrans 597	#notexist 2	#multiword 382,False	#singleword 19,False	oracle 0.0050	time 18.4
pid P69	acc 0.0000/0.0000	len_acc 0.0000/0.0000	prompt [X]就读于[Y]。
pid P69	#fact 130	#notrans 870	#notexist 0	#multiword 130,False	#singleword 0,False	oracle 0.0000	time 7.7
pid P47	acc 0.0061/0.0061	len_acc 0.1363/0.1363	prompt [X]和[Y]接壤。
pid P47	#fact 983	#notrans 16	#notexist 1	#multiword 983,False	#singleword 0,False	oracle 0.0061	time 48.8
pid P138	acc 0.0180/0.0180	len_acc 0.0395/0.0395	prompt [X]是以[Y]命名的。
pid P138	#fact 557	#notrans 437	#notexist 6	#multiword 553,False	#singleword 4,False	oracle 0.0180	time 30.9
pid P364	acc 0.0184/0.0184	len_acc 0.1507/0.1507	prompt [X]的创作语言是[Y]。
pid P364	#fact 272	#notrans 726	#notexist 2	#multiword 272,False	#singleword 0,False	oracle 0.0184	time 14.8
pid P54	acc 0.0000/0.0000	len_acc 0.0055/0.0055	prompt [X]的所属运动队是[Y]。
pid P54	#fact 182	#notrans 818	#notexist 0	#multiword 182,False	#singleword 0,False	oracle 0.0000	time 9.1
pid P463	acc 0.0069/0.0069	len_acc 0.0173/0.0173	prompt [X]是[Y]的成员。
pid P463	#fact 578	#notrans 420	#notexist 2	#multiword 574,False	#singleword 4,False	oracle 0.0069	time 31.1
pid P101	acc 0.0021/0.0021	len_acc 0.0396/0.0396	prompt [X]的工作领域是[Y]。
pid P101	#fact 480	#notrans 520	#notexist 0	#multiword 478,False	#singleword 2,False	oracle 0.0021	time 28.8
pid P1923	acc 0.0000/0.0000	len_acc 0.0011/0.0011	prompt [X]的参与队伍是[Y]。
pid P1923	#fact 873	#notrans 115	#notexist 12	#multiword 873,False	#singleword 0,False	oracle 0.0000	time 47.2
pid P106	acc 0.0000/0.0000	len_acc 0.0818/0.0818	prompt [X]的职业是[Y]。
pid P106	#fact 318	#notrans 681	#notexist 1	#multiword 317,False	#singleword 1,False	oracle 0.0000	time 17.1
pid P527	acc 0.0161/0.0161	len_acc 0.1613/0.1613	prompt [X]子类是[Y]。
pid P527	#fact 620	#notrans 350	#notexist 30	#multiword 555,False	#singleword 65,False	oracle 0.0161	time 27.2
pid P102	acc 0.0000/0.0000	len_acc 0.0000/0.0000	prompt [X]属于[Y]政党。
pid P102	#fact 271	#notrans 727	#notexist 2	#multiword 271,False	#singleword 0,False	oracle 0.0000	time 14.3
pid P530	acc 0.0030/0.0030	len_acc 0.2060/0.2060	prompt [X]与[Y]是邦交国。
pid P530	#fact 1000	#notrans 0	#notexist 0	#multiword 1000,False	#singleword 0,False	oracle 0.0030	time 45.0
pid P176	acc 0.1363/0.1363	len_acc 0.1971/0.1971	prompt [X]的生产商是[Y]。
pid P176	#fact 411	#notrans 587	#notexist 2	#multiword 402,False	#singleword 9,False	oracle 0.1363	time 22.2
pid P27	acc 0.0844/0.0844	len_acc 0.3594/0.3594	prompt [X]的国籍是[Y]。
pid P27	#fact 320	#notrans 678	#notexist 2	#multiword 320,False	#singleword 0,False	oracle 0.0844	time 17.3
pid P407	acc 0.1134/0.1134	len_acc 0.3285/0.3285	prompt [X]的语言是[Y]。
pid P407	#fact 344	#notrans 656	#notexist 0	#multiword 344,False	#singleword 0,False	oracle 0.1134	time 16.7
pid P30	acc 0.0212/0.0212	len_acc 0.2619/0.2619	prompt [X]所属大洲是[Y]。
pid P30	#fact 943	#notrans 56	#notexist 1	#multiword 943,False	#singleword 0,False	oracle 0.0212	time 42.0
pid P178	acc 0.0199/0.0199	len_acc 0.0618/0.0618	prompt [X]是由[Y]开发的。
pid P178	#fact 502	#notrans 494	#notexist 4	#multiword 487,False	#singleword 15,False	oracle 0.0199	time 28.3
pid P1376	acc 0.0044/0.0044	len_acc 0.0724/0.0724	prompt [X]是[Y]的首府。
pid P1376	#fact 912	#notrans 88	#notexist 0	#multiword 912,False	#singleword 0,False	oracle 0.0044	time 40.6
pid P131	acc 0.0080/0.0080	len_acc 0.0965/0.0965	prompt [X]的行政区是[Y]。
pid P131	#fact 622	#notrans 378	#notexist 0	#multiword 622,False	#singleword 0,False	oracle 0.0080	time 30.5
pid P1412	acc 0.1556/0.1556	len_acc 0.3133/0.3133	prompt [X]的语言是[Y]。
pid P1412	#fact 450	#notrans 550	#notexist 0	#multiword 450,False	#singleword 0,False	oracle 0.1556	time 28.5
pid P108	acc 0.0000/0.0000	len_acc 0.0081/0.0081	prompt [X]的雇主是[Y]。
pid P108	#fact 248	#notrans 751	#notexist 1	#multiword 248,False	#singleword 0,False	oracle 0.0000	time 14.1
pid P136	acc 0.0000/0.0000	len_acc 0.0389/0.0389	prompt [X]的艺术流派是[Y]。
pid P136	#fact 411	#notrans 587	#notexist 2	#multiword 411,False	#singleword 0,False	oracle 0.0000	time 21.5
pid P17	acc 0.0679/0.0679	len_acc 0.2394/0.2394	prompt [X]的主权国家是[Y]。
pid P17	#fact 589	#notrans 411	#notexist 0	#multiword 589,False	#singleword 0,False	oracle 0.0679	time 32.4
pid P39	acc 0.0037/0.0037	len_acc 0.0295/0.0295	prompt [X]的职位是[Y]。
pid P39	#fact 543	#notrans 456	#notexist 1	#multiword 543,False	#singleword 0,False	oracle 0.0037	time 32.9
pid P264	acc 0.0055/0.0055	len_acc 0.0164/0.0164	prompt [X]的唱片厂商是[Y]。
pid P264	#fact 183	#notrans 817	#notexist 0	#multiword 182,False	#singleword 1,False	oracle 0.0055	time 9.5
pid P276	acc 0.0669/0.0669	len_acc 0.1841/0.1841	prompt [X]位于[Y]。
pid P276	#fact 478	#notrans 522	#notexist 0	#multiword 477,False	#singleword 1,False	oracle 0.0669	time 26.4
pid P937	acc 0.0000/0.0000	len_acc 0.1258/0.1258	prompt [X]的工作地点是[Y]。
pid P937	#fact 310	#notrans 690	#notexist 0	#multiword 310,False	#singleword 0,False	oracle 0.0000	time 24.8
pid P140	acc 0.0046/0.0046	len_acc 0.0159/0.0159	prompt [X]的宗教信仰是[Y]。
pid P140	#fact 439	#notrans 556	#notexist 5	#multiword 439,False	#singleword 0,False	oracle 0.0046	time 18.4
pid P1303	acc 0.0000/0.0000	len_acc 0.2169/0.2169	prompt [X]演奏[Y]。
pid P1303	#fact 249	#notrans 751	#notexist 0	#multiword 246,False	#singleword 3,False	oracle 0.0000	time 12.5
pid P127	acc 0.0060/0.0060	len_acc 0.0262/0.0262	prompt [X]归[Y]所有。
pid P127	#fact 496	#notrans 502	#notexist 2	#multiword 495,False	#singleword 1,False	oracle 0.0060	time 27.1
pid P103	acc 0.1366/0.1366	len_acc 0.4349/0.4349	prompt [X]的母语是[Y]。
pid P103	#fact 476	#notrans 523	#notexist 1	#multiword 476,False	#singleword 0,False	oracle 0.1366	time 26.1
pid P190	acc 0.0051/0.0051	len_acc 0.1798/0.1798	prompt [X]与[Y]是友好城市。
pid P190	#fact 990	#notrans 10	#notexist 0	#multiword 990,False	#singleword 0,False	oracle 0.0051	time 46.1
pid P1001	acc 0.1280/0.1280	len_acc 0.1975/0.1975	prompt [X]的管辖范围是[Y]。
pid P1001	#fact 633	#notrans 366	#notexist 1	#multiword 633,False	#singleword 0,False	oracle 0.1280	time 36.9
pid P31	acc 0.0654/0.0654	len_acc 0.1830/0.1830	prompt [X]属于[Y]。
pid P31	#fact 459	#notrans 541	#notexist 0	#multiword 415,False	#singleword 44,False	oracle 0.0654	time 23.0
pid P495	acc 0.0331/0.0331	len_acc 0.3766/0.3766	prompt [X]的原产地是[Y]。
pid P495	#fact 393	#notrans 605	#notexist 2	#multiword 393,False	#singleword 0,False	oracle 0.0331	time 21.2
pid P159	acc 0.0946/0.0946	len_acc 0.2727/0.2727	prompt [X]的总部位于[Y]。
pid P159	#fact 539	#notrans 460	#notexist 1	#multiword 539,False	#singleword 0,False	oracle 0.0946	time 32.1
pid P36	acc 0.0595/0.0595	len_acc 0.2423/0.2423	prompt [X]的行政中心是[Y]。
pid P36	#fact 908	#notrans 89	#notexist 3	#multiword 908,False	#singleword 0,False	oracle 0.0595	time 52.3
pid P740	acc 0.0000/0.0000	len_acc 0.0852/0.0852	prompt [X]成立于[Y]。
pid P740	#fact 364	#notrans 634	#notexist 2	#multiword 364,False	#singleword 0,False	oracle 0.0000	time 13.1
pid P361	acc 0.0017/0.0017	len_acc 0.0392/0.0392	prompt [X]构成[Y]。
pid P361	#fact 587	#notrans 411	#notexist 2	#multiword 580,False	#singleword 7,False	oracle 0.0017	time 31.9
acc per fact 732/23142=0.0316	acc per relation 0.03149797418095788	avg iter 4.424957555178268	num_max_mask 4544
