[dynet] random seed: 1687754537
[dynet] allocating memory: 512MB
[dynet] memory allocation done.
load data
load model
pid P19	acc 0.0660/0.0660	len_acc 0.4450/0.4450	prompt [X] was born in [Y] .
pid P19	#fact 1000	#notrans 0	#notexist 0	#multiword 516,False	#singleword 484,False	oracle 0.0660	time 34.3
pid P20	acc 0.0732/0.0732	len_acc 0.5256/0.5256	prompt [X] died in [Y] .
pid P20	#fact 997	#notrans 2	#notexist 1	#multiword 401,False	#singleword 596,False	oracle 0.0732	time 34.3
pid P279	acc 0.1048/0.1048	len_acc 0.2823/0.2823	prompt [X] is a subclass of [Y] .
pid P279	#fact 992	#notrans 0	#notexist 8	#multiword 794,False	#singleword 198,False	oracle 0.1048	time 37.3
pid P37	acc 0.3674/0.3674	len_acc 0.7107/0.7107	prompt The official language of [X] is [Y] .
pid P37	#fact 999	#notrans 0	#notexist 1	#multiword 200,False	#singleword 799,False	oracle 0.3674	time 33.9
pid P413	acc 0.0000/0.0000	len_acc 0.5873/0.5873	prompt [X] plays in [Y] position .
pid P413	#fact 996	#notrans 4	#notexist 0	#multiword 395,False	#singleword 601,False	oracle 0.0000	time 34.8
pid P166	acc 0.0000/0.0000	len_acc 0.0020/0.0020	prompt [X] was awarded the [Y] .
pid P166	#fact 1000	#notrans 0	#notexist 0	#multiword 1000,False	#singleword 0,False	oracle 0.0000	time 34.0
pid P449	acc 0.0443/0.0443	len_acc 0.2759/0.2759	prompt [X] was originally aired on [Y] .
pid P449	#fact 993	#notrans 4	#notexist 3	#multiword 734,False	#singleword 259,False	oracle 0.0443	time 35.2
pid P69	acc 0.0010/0.0010	len_acc 0.0050/0.0050	prompt [X] was educated at the University of [Y] .
pid P69	#fact 995	#notrans 5	#notexist 0	#multiword 995,False	#singleword 0,False	oracle 0.0010	time 35.9
pid P47	acc 0.0010/0.0010	len_acc 0.2500/0.2500	prompt [X] shares border with [Y] .
pid P47	#fact 1000	#notrans 0	#notexist 0	#multiword 921,False	#singleword 79,False	oracle 0.0010	time 33.7
pid P138	acc 0.3060/0.3060	len_acc 0.4170/0.4170	prompt [X] is named after [Y] .
pid P138	#fact 964	#notrans 0	#notexist 36	#multiword 874,False	#singleword 90,False	oracle 0.3060	time 32.5
pid P364	acc 0.3538/0.3538	len_acc 0.9073/0.9073	prompt The original language of [X] is [Y] .
pid P364	#fact 992	#notrans 1	#notexist 7	#multiword 31,False	#singleword 961,False	oracle 0.3538	time 36.1
pid P54	acc 0.0000/0.0000	len_acc 0.0521/0.0521	prompt [X] plays with [Y] .
pid P54	#fact 999	#notrans 1	#notexist 0	#multiword 997,False	#singleword 2,False	oracle 0.0000	time 35.1
pid P463	acc 0.0030/0.0030	len_acc 0.1510/0.1510	prompt [X] is a member of [Y] .
pid P463	#fact 1000	#notrans 0	#notexist 0	#multiword 973,False	#singleword 27,False	oracle 0.0030	time 33.9
pid P101	acc 0.0230/0.0230	len_acc 0.1682/0.1682	prompt [X] works in the field of [Y] .
pid P101	#fact 999	#notrans 1	#notexist 0	#multiword 860,False	#singleword 139,False	oracle 0.0230	time 35.2
pid P1923	acc 0.0000/0.0000	len_acc 0.0248/0.0248	prompt [Y] participated in the [X] .
pid P1923	#fact 848	#notrans 3	#notexist 149	#multiword 847,False	#singleword 1,False	oracle 0.0000	time 30.3
pid P106	acc 0.0413/0.0413	len_acc 0.7623/0.7623	prompt [X] is a [Y] by profession .
pid P106	#fact 993	#notrans 7	#notexist 0	#multiword 218,False	#singleword 775,False	oracle 0.0413	time 32.9
pid P527	acc 0.0201/0.0201	len_acc 0.1608/0.1608	prompt [X] consists of [Y] .
pid P527	#fact 995	#notrans 0	#notexist 5	#multiword 864,False	#singleword 131,False	oracle 0.0201	time 33.8
pid P102	acc 0.0000/0.0000	len_acc 0.0110/0.0110	prompt [X] is a member of the [Y] political party .
pid P102	#fact 996	#notrans 3	#notexist 1	#multiword 994,False	#singleword 2,False	oracle 0.0000	time 36.7
pid P530	acc 0.0050/0.0050	len_acc 0.6990/0.6990	prompt [X] maintains diplomatic relations with [Y] .
pid P530	#fact 1000	#notrans 0	#notexist 0	#multiword 165,False	#singleword 835,False	oracle 0.0050	time 33.4
pid P176	acc 0.2573/0.2573	len_acc 0.3387/0.3387	prompt [X] is produced by [Y] .
pid P176	#fact 995	#notrans 0	#notexist 5	#multiword 754,False	#singleword 241,False	oracle 0.2573	time 33.7
pid P27	acc 0.0000/0.0000	len_acc 0.4408/0.4408	prompt [X] is [Y] citizen .
pid P27	#fact 996	#notrans 4	#notexist 0	#multiword 543,False	#singleword 453,False	oracle 0.0000	time 34.1
pid P407	acc 0.2121/0.2121	len_acc 0.7333/0.7333	prompt [X] was written in [Y] .
pid P407	#fact 990	#notrans 1	#notexist 9	#multiword 33,False	#singleword 957,False	oracle 0.2121	time 34.6
pid P30	acc 0.0060/0.0060	len_acc 0.1350/0.1350	prompt [X] is located in [Y] .
pid P30	#fact 1000	#notrans 0	#notexist 0	#multiword 25,False	#singleword 975,False	oracle 0.0060	time 35.8
pid P178	acc 0.0494/0.0494	len_acc 0.2288/0.2288	prompt [X] is developed by [Y] .
pid P178	#fact 992	#notrans 4	#notexist 4	#multiword 881,False	#singleword 111,False	oracle 0.0494	time 35.6
pid P1376	acc 0.0441/0.0441	len_acc 0.1625/0.1625	prompt [X] is the capital of [Y] .
pid P1376	#fact 997	#notrans 0	#notexist 3	#multiword 907,False	#singleword 90,False	oracle 0.0441	time 35.2
pid P131	acc 0.0241/0.0241	len_acc 0.2392/0.2392	prompt [X] is located in [Y] .
pid P131	#fact 995	#notrans 0	#notexist 5	#multiword 737,False	#singleword 258,False	oracle 0.0241	time 34.7
pid P1412	acc 0.2260/0.2260	len_acc 0.8240/0.8240	prompt [X] used to communicate in [Y] .
pid P1412	#fact 1000	#notrans 0	#notexist 0	#multiword 16,False	#singleword 984,False	oracle 0.2260	time 36.0
pid P108	acc 0.0000/0.0000	len_acc 0.0992/0.0992	prompt [X] works for [Y] .
pid P108	#fact 998	#notrans 2	#notexist 0	#multiword 979,False	#singleword 19,False	oracle 0.0000	time 35.1
pid P136	acc 0.0000/0.0000	len_acc 0.1282/0.1282	prompt [X] plays [Y] music .
pid P136	#fact 991	#notrans 4	#notexist 5	#multiword 865,False	#singleword 126,False	oracle 0.0000	time 34.5
pid P17	acc 0.0373/0.0373	len_acc 0.2291/0.2291	prompt [X] is located in [Y] .
pid P17	#fact 991	#notrans 4	#notexist 5	#multiword 263,False	#singleword 728,False	oracle 0.0373	time 33.4
pid P39	acc 0.0110/0.0110	len_acc 0.2362/0.2362	prompt [X] has the position of [Y] .
pid P39	#fact 999	#notrans 0	#notexist 1	#multiword 764,False	#singleword 235,False	oracle 0.0110	time 34.9
pid P264	acc 0.0010/0.0010	len_acc 0.2237/0.2237	prompt [X] is represented by music label [Y] .
pid P264	#fact 997	#notrans 2	#notexist 1	#multiword 896,False	#singleword 101,False	oracle 0.0010	time 36.0
pid P276	acc 0.2039/0.2039	len_acc 0.3651/0.3651	prompt [X] is located in [Y] .
pid P276	#fact 986	#notrans 1	#notexist 13	#multiword 753,False	#singleword 233,False	oracle 0.2039	time 33.5
pid P937	acc 0.2140/0.2140	len_acc 0.7980/0.7980	prompt [X] used to work in [Y] .
pid P937	#fact 1000	#notrans 0	#notexist 0	#multiword 137,False	#singleword 863,False	oracle 0.2140	time 34.0
pid P140	acc 0.0000/0.0000	len_acc 0.5924/0.5924	prompt [X] is affiliated with the [Y] religion .
pid P140	#fact 996	#notrans 1	#notexist 3	#multiword 867,False	#singleword 129,False	oracle 0.0000	time 35.3
pid P1303	acc 0.0090/0.0090	len_acc 0.4774/0.4774	prompt [X] plays [Y] .
pid P1303	#fact 995	#notrans 5	#notexist 0	#multiword 339,False	#singleword 656,False	oracle 0.0090	time 33.6
pid P127	acc 0.0523/0.0523	len_acc 0.2503/0.2503	prompt [X] is owned by [Y] .
pid P127	#fact 995	#notrans 0	#notexist 5	#multiword 879,False	#singleword 116,False	oracle 0.0523	time 33.8
pid P103	acc 0.7635/0.7635	len_acc 0.9780/0.9780	prompt The native language of [X] is [Y] .
pid P103	#fact 998	#notrans 1	#notexist 1	#multiword 9,False	#singleword 989,False	oracle 0.7635	time 35.0
pid P190	acc 0.0190/0.0190	len_acc 0.4925/0.4925	prompt [X] and [Y] are twin cities .
pid P190	#fact 999	#notrans 0	#notexist 1	#multiword 442,False	#singleword 557,False	oracle 0.0190	time 34.2
pid P1001	acc 0.4407/0.4407	len_acc 0.5010/0.5010	prompt [X] is a legal term in [Y] .
pid P1001	#fact 962	#notrans 0	#notexist 38	#multiword 474,False	#singleword 488,False	oracle 0.4407	time 37.5
pid P31	acc 0.1414/0.1414	len_acc 0.3758/0.3758	prompt [X] is a [Y] .
pid P31	#fact 990	#notrans 1	#notexist 9	#multiword 662,False	#singleword 328,False	oracle 0.1414	time 32.5
pid P495	acc 0.0020/0.0020	len_acc 0.1802/0.1802	prompt [X] was created in [Y] .
pid P495	#fact 988	#notrans 5	#notexist 7	#multiword 749,False	#singleword 239,False	oracle 0.0020	time 33.8
pid P159	acc 0.1410/0.1410	len_acc 0.4249/0.4249	prompt The headquarter of [X] is in [Y] .
pid P159	#fact 986	#notrans 10	#notexist 4	#multiword 523,False	#singleword 463,False	oracle 0.1410	time 37.1
pid P36	acc 0.3610/0.3610	len_acc 0.5110/0.5110	prompt The capital of [X] is [Y] .
pid P36	#fact 1000	#notrans 0	#notexist 0	#multiword 813,False	#singleword 187,False	oracle 0.3610	time 33.3
pid P740	acc 0.0040/0.0040	len_acc 0.3551/0.3551	prompt [X] was founded in [Y] .
pid P740	#fact 994	#notrans 6	#notexist 0	#multiword 397,False	#singleword 597,False	oracle 0.0040	time 33.8
pid P361	acc 0.0343/0.0343	len_acc 0.1914/0.1914	prompt [X] is part of [Y] .
pid P361	#fact 904	#notrans 0	#notexist 96	#multiword 844,False	#singleword 60,False	oracle 0.0343	time 30.2
acc per fact 4616/45492=0.1015	acc per relation 0.10140412651467699	avg iter 3.0	num_max_mask 2072
