[dynet] random seed: 4130036266
[dynet] allocating memory: 512MB
[dynet] memory allocation done.
load data
load model
pid P19	acc 0.0061/0.0061	len_acc 0.2606/0.2606	prompt [X]的出生地是[Y]。
pid P19	#fact 165	#notrans 835	#notexist 0	#multiword 165,False	#singleword 0,False	oracle 0.0061	time 7.4
pid P20	acc 0.0096/0.0096	len_acc 0.2644/0.2644	prompt [X]的死亡地是[Y]。
pid P20	#fact 208	#notrans 790	#notexist 2	#multiword 208,False	#singleword 0,False	oracle 0.0096	time 9.5
pid P279	acc 0.0239/0.0239	len_acc 0.2394/0.2394	prompt [X]的父类是[Y]。
pid P279	#fact 710	#notrans 278	#notexist 12	#multiword 676,False	#singleword 34,False	oracle 0.0239	time 26.8
pid P37	acc 0.0277/0.0277	len_acc 0.2862/0.2862	prompt [X]的官方语言是[Y]。
pid P37	#fact 975	#notrans 25	#notexist 0	#multiword 975,False	#singleword 0,False	oracle 0.0277	time 39.2
pid P413	acc 0.3822/0.3822	len_acc 0.5602/0.5602	prompt [X]的场上位置是[Y]。
pid P413	#fact 191	#notrans 807	#notexist 2	#multiword 191,False	#singleword 0,False	oracle 0.3822	time 8.1
pid P166	acc 0.0000/0.0000	len_acc 0.0047/0.0047	prompt [X]被授予[Y]。
pid P166	#fact 429	#notrans 569	#notexist 2	#multiword 429,False	#singleword 0,False	oracle 0.0000	time 17.4
pid P449	acc 0.0000/0.0000	len_acc 0.1671/0.1671	prompt [X]首播于[Y]。
pid P449	#fact 401	#notrans 597	#notexist 2	#multiword 382,False	#singleword 19,False	oracle 0.0000	time 15.2
pid P69	acc 0.0000/0.0000	len_acc 0.1769/0.1769	prompt [X]就读于[Y]。
pid P69	#fact 130	#notrans 870	#notexist 0	#multiword 130,False	#singleword 0,False	oracle 0.0000	time 5.3
pid P47	acc 0.0071/0.0071	len_acc 0.2482/0.2482	prompt [X]和[Y]接壤。
pid P47	#fact 983	#notrans 16	#notexist 1	#multiword 983,False	#singleword 0,False	oracle 0.0071	time 35.9
pid P138	acc 0.1131/0.1131	len_acc 0.2621/0.2621	prompt [X]是以[Y]命名的。
pid P138	#fact 557	#notrans 437	#notexist 6	#multiword 553,False	#singleword 4,False	oracle 0.1131	time 23.3
pid P364	acc 0.0184/0.0184	len_acc 0.2426/0.2426	prompt [X]的创作语言是[Y]。
pid P364	#fact 272	#notrans 726	#notexist 2	#multiword 272,False	#singleword 0,False	oracle 0.0184	time 11.2
pid P54	acc 0.0000/0.0000	len_acc 0.0330/0.0330	prompt [X]的所属运动队是[Y]。
pid P54	#fact 182	#notrans 818	#notexist 0	#multiword 182,False	#singleword 0,False	oracle 0.0000	time 8.1
pid P463	acc 0.0017/0.0017	len_acc 0.1315/0.1315	prompt [X]是[Y]的成员。
pid P463	#fact 578	#notrans 420	#notexist 2	#multiword 574,False	#singleword 4,False	oracle 0.0017	time 23.1
pid P101	acc 0.0042/0.0042	len_acc 0.1896/0.1896	prompt [X]的工作领域是[Y]。
pid P101	#fact 480	#notrans 520	#notexist 0	#multiword 478,False	#singleword 2,False	oracle 0.0042	time 21.5
pid P1923	acc 0.0000/0.0000	len_acc 0.0103/0.0103	prompt [X]的参与队伍是[Y]。
pid P1923	#fact 873	#notrans 115	#notexist 12	#multiword 873,False	#singleword 0,False	oracle 0.0000	time 38.1
pid P106	acc 0.0031/0.0031	len_acc 0.2642/0.2642	prompt [X]的职业是[Y]。
pid P106	#fact 318	#notrans 681	#notexist 1	#multiword 317,False	#singleword 1,False	oracle 0.0031	time 12.8
pid P527	acc 0.0065/0.0065	len_acc 0.1484/0.1484	prompt [X]子类是[Y]。
pid P527	#fact 620	#notrans 350	#notexist 30	#multiword 555,False	#singleword 65,False	oracle 0.0065	time 22.5
pid P102	acc 0.0443/0.0443	len_acc 0.1624/0.1624	prompt [X]属于[Y]政党。
pid P102	#fact 271	#notrans 727	#notexist 2	#multiword 271,False	#singleword 0,False	oracle 0.0443	time 11.5
pid P530	acc 0.0100/0.0100	len_acc 0.2630/0.2630	prompt [X]与[Y]是邦交国。
pid P530	#fact 1000	#notrans 0	#notexist 0	#multiword 1000,False	#singleword 0,False	oracle 0.0100	time 35.7
pid P176	acc 0.1363/0.1363	len_acc 0.2652/0.2652	prompt [X]的生产商是[Y]。
pid P176	#fact 411	#notrans 587	#notexist 2	#multiword 402,False	#singleword 9,False	oracle 0.1363	time 16.5
pid P27	acc 0.0719/0.0719	len_acc 0.2125/0.2125	prompt [X]的国籍是[Y]。
pid P27	#fact 320	#notrans 678	#notexist 2	#multiword 320,False	#singleword 0,False	oracle 0.0719	time 13.2
pid P407	acc 0.0814/0.0814	len_acc 0.2994/0.2994	prompt [X]的语言是[Y]。
pid P407	#fact 344	#notrans 656	#notexist 0	#multiword 344,False	#singleword 0,False	oracle 0.0814	time 13.4
pid P30	acc 0.0117/0.0117	len_acc 0.1972/0.1972	prompt [X]所属大洲是[Y]。
pid P30	#fact 943	#notrans 56	#notexist 1	#multiword 943,False	#singleword 0,False	oracle 0.0117	time 34.9
pid P178	acc 0.0080/0.0080	len_acc 0.1912/0.1912	prompt [X]是由[Y]开发的。
pid P178	#fact 502	#notrans 494	#notexist 4	#multiword 487,False	#singleword 15,False	oracle 0.0080	time 20.3
pid P1376	acc 0.0055/0.0055	len_acc 0.1809/0.1809	prompt [X]是[Y]的首府。
pid P1376	#fact 912	#notrans 88	#notexist 0	#multiword 912,False	#singleword 0,False	oracle 0.0055	time 32.9
pid P131	acc 0.0193/0.0193	len_acc 0.2315/0.2315	prompt [X]的行政区是[Y]。
pid P131	#fact 622	#notrans 378	#notexist 0	#multiword 622,False	#singleword 0,False	oracle 0.0193	time 25.8
pid P1412	acc 0.1000/0.1000	len_acc 0.2822/0.2822	prompt [X]的语言是[Y]。
pid P1412	#fact 450	#notrans 550	#notexist 0	#multiword 450,False	#singleword 0,False	oracle 0.1000	time 20.9
pid P108	acc 0.0000/0.0000	len_acc 0.1371/0.1371	prompt [X]的雇主是[Y]。
pid P108	#fact 248	#notrans 751	#notexist 1	#multiword 248,False	#singleword 0,False	oracle 0.0000	time 10.8
pid P136	acc 0.0000/0.0000	len_acc 0.3771/0.3771	prompt [X]的艺术流派是[Y]。
pid P136	#fact 411	#notrans 587	#notexist 2	#multiword 411,False	#singleword 0,False	oracle 0.0000	time 17.1
pid P17	acc 0.0611/0.0611	len_acc 0.2530/0.2530	prompt [X]的主权国家是[Y]。
pid P17	#fact 589	#notrans 411	#notexist 0	#multiword 589,False	#singleword 0,False	oracle 0.0611	time 24.6
pid P39	acc 0.0166/0.0166	len_acc 0.1934/0.1934	prompt [X]的职位是[Y]。
pid P39	#fact 543	#notrans 456	#notexist 1	#multiword 543,False	#singleword 0,False	oracle 0.0166	time 23.2
pid P264	acc 0.0000/0.0000	len_acc 0.1967/0.1967	prompt [X]的唱片厂商是[Y]。
pid P264	#fact 183	#notrans 817	#notexist 0	#multiword 182,False	#singleword 1,False	oracle 0.0000	time 7.7
pid P276	acc 0.0941/0.0941	len_acc 0.3096/0.3096	prompt [X]位于[Y]。
pid P276	#fact 478	#notrans 522	#notexist 0	#multiword 477,False	#singleword 1,False	oracle 0.0941	time 18.6
pid P937	acc 0.0097/0.0097	len_acc 0.2839/0.2839	prompt [X]的工作地点是[Y]。
pid P937	#fact 310	#notrans 690	#notexist 0	#multiword 310,False	#singleword 0,False	oracle 0.0097	time 14.7
pid P140	acc 0.0228/0.0228	len_acc 0.3121/0.3121	prompt [X]的宗教信仰是[Y]。
pid P140	#fact 439	#notrans 556	#notexist 5	#multiword 439,False	#singleword 0,False	oracle 0.0228	time 19.6
pid P1303	acc 0.0000/0.0000	len_acc 0.4739/0.4739	prompt [X]演奏[Y]。
pid P1303	#fact 249	#notrans 751	#notexist 0	#multiword 246,False	#singleword 3,False	oracle 0.0000	time 9.9
pid P127	acc 0.0161/0.0161	len_acc 0.1613/0.1613	prompt [X]归[Y]所有。
pid P127	#fact 496	#notrans 502	#notexist 2	#multiword 495,False	#singleword 1,False	oracle 0.0161	time 19.0
pid P103	acc 0.1324/0.1324	len_acc 0.3824/0.3824	prompt [X]的母语是[Y]。
pid P103	#fact 476	#notrans 523	#notexist 1	#multiword 476,False	#singleword 0,False	oracle 0.1324	time 20.6
pid P190	acc 0.0061/0.0061	len_acc 0.2657/0.2657	prompt [X]与[Y]是友好城市。
pid P190	#fact 990	#notrans 10	#notexist 0	#multiword 990,False	#singleword 0,False	oracle 0.0061	time 35.9
pid P1001	acc 0.2828/0.2828	len_acc 0.4566/0.4566	prompt [X]的管辖范围是[Y]。
pid P1001	#fact 633	#notrans 366	#notexist 1	#multiword 633,False	#singleword 0,False	oracle 0.2828	time 27.8
pid P31	acc 0.0414/0.0414	len_acc 0.2288/0.2288	prompt [X]属于[Y]。
pid P31	#fact 459	#notrans 541	#notexist 0	#multiword 415,False	#singleword 44,False	oracle 0.0414	time 16.7
pid P495	acc 0.0433/0.0433	len_acc 0.2824/0.2824	prompt [X]的原产地是[Y]。
pid P495	#fact 393	#notrans 605	#notexist 2	#multiword 393,False	#singleword 0,False	oracle 0.0433	time 15.4
pid P159	acc 0.1317/0.1317	len_acc 0.3859/0.3859	prompt [X]的总部位于[Y]。
pid P159	#fact 539	#notrans 460	#notexist 1	#multiword 539,False	#singleword 0,False	oracle 0.1317	time 21.8
pid P36	acc 0.0925/0.0925	len_acc 0.3656/0.3656	prompt [X]的行政中心是[Y]。
pid P36	#fact 908	#notrans 89	#notexist 3	#multiword 908,False	#singleword 0,False	oracle 0.0925	time 37.6
pid P740	acc 0.0082/0.0082	len_acc 0.2967/0.2967	prompt [X]成立于[Y]。
pid P740	#fact 364	#notrans 634	#notexist 2	#multiword 364,False	#singleword 0,False	oracle 0.0082	time 13.7
pid P361	acc 0.0068/0.0068	len_acc 0.1499/0.1499	prompt [X]构成[Y]。
pid P361	#fact 587	#notrans 411	#notexist 2	#multiword 580,False	#singleword 7,False	oracle 0.0068	time 23.2
acc per fact 966/23142=0.0417	acc per relation 0.044725779994174264	avg iter 4.382852292020374	num_max_mask 4544
