[dynet] random seed: 2362935018
[dynet] allocating memory: 512MB
[dynet] memory allocation done.
load data
load model
pid P19	acc 0.0121/0.0121	len_acc 0.1576/0.1576	prompt [X]的出生地是[Y]。
pid P19	#fact 165	#notrans 835	#notexist 0	#multiword 165,False	#singleword 0,False	oracle 0.0121	time 9.6
pid P20	acc 0.0000/0.0000	len_acc 0.1010/0.1010	prompt [X]的死亡地是[Y]。
pid P20	#fact 208	#notrans 790	#notexist 2	#multiword 208,False	#singleword 0,False	oracle 0.0000	time 12.4
pid P279	acc 0.0352/0.0352	len_acc 0.1901/0.1901	prompt [X]的父类是[Y]。
pid P279	#fact 710	#notrans 278	#notexist 12	#multiword 676,False	#singleword 34,False	oracle 0.0352	time 34.6
pid P37	acc 0.0605/0.0605	len_acc 0.2256/0.2256	prompt [X]的官方语言是[Y]。
pid P37	#fact 975	#notrans 25	#notexist 0	#multiword 975,False	#singleword 0,False	oracle 0.0605	time 50.4
pid P413	acc 0.0681/0.0681	len_acc 0.1099/0.1099	prompt [X]的场上位置是[Y]。
pid P413	#fact 191	#notrans 807	#notexist 2	#multiword 191,False	#singleword 0,False	oracle 0.0681	time 10.7
pid P166	acc 0.0000/0.0000	len_acc 0.0000/0.0000	prompt [X]被授予[Y]。
pid P166	#fact 429	#notrans 569	#notexist 2	#multiword 429,False	#singleword 0,False	oracle 0.0000	time 22.2
pid P449	acc 0.0050/0.0050	len_acc 0.0698/0.0698	prompt [X]首播于[Y]。
pid P449	#fact 401	#notrans 597	#notexist 2	#multiword 382,False	#singleword 19,False	oracle 0.0050	time 19.3
pid P69	acc 0.0000/0.0000	len_acc 0.0000/0.0000	prompt [X]就读于[Y]。
pid P69	#fact 130	#notrans 870	#notexist 0	#multiword 130,False	#singleword 0,False	oracle 0.0000	time 6.7
pid P47	acc 0.0071/0.0071	len_acc 0.1322/0.1322	prompt [X]和[Y]接壤。
pid P47	#fact 983	#notrans 16	#notexist 1	#multiword 983,False	#singleword 0,False	oracle 0.0071	time 46.2
pid P138	acc 0.0180/0.0180	len_acc 0.0413/0.0413	prompt [X]是以[Y]命名的。
pid P138	#fact 557	#notrans 437	#notexist 6	#multiword 553,False	#singleword 4,False	oracle 0.0180	time 29.9
pid P364	acc 0.0257/0.0257	len_acc 0.1471/0.1471	prompt [X]的创作语言是[Y]。
pid P364	#fact 272	#notrans 726	#notexist 2	#multiword 272,False	#singleword 0,False	oracle 0.0257	time 14.3
pid P54	acc 0.0000/0.0000	len_acc 0.0000/0.0000	prompt [X]的所属运动队是[Y]。
pid P54	#fact 182	#notrans 818	#notexist 0	#multiword 182,False	#singleword 0,False	oracle 0.0000	time 10.3
pid P463	acc 0.0052/0.0052	len_acc 0.0173/0.0173	prompt [X]是[Y]的成员。
pid P463	#fact 578	#notrans 420	#notexist 2	#multiword 574,False	#singleword 4,False	oracle 0.0052	time 29.6
pid P101	acc 0.0021/0.0021	len_acc 0.0458/0.0458	prompt [X]的工作领域是[Y]。
pid P101	#fact 480	#notrans 520	#notexist 0	#multiword 478,False	#singleword 2,False	oracle 0.0021	time 28.1
pid P1923	acc 0.0000/0.0000	len_acc 0.0011/0.0011	prompt [X]的参与队伍是[Y]。
pid P1923	#fact 873	#notrans 115	#notexist 12	#multiword 873,False	#singleword 0,False	oracle 0.0000	time 50.0
pid P106	acc 0.0000/0.0000	len_acc 0.0629/0.0629	prompt [X]的职业是[Y]。
pid P106	#fact 318	#notrans 681	#notexist 1	#multiword 317,False	#singleword 1,False	oracle 0.0000	time 16.3
pid P527	acc 0.0161/0.0161	len_acc 0.1548/0.1548	prompt [X]子类是[Y]。
pid P527	#fact 620	#notrans 350	#notexist 30	#multiword 555,False	#singleword 65,False	oracle 0.0161	time 28.9
pid P102	acc 0.0000/0.0000	len_acc 0.0000/0.0000	prompt [X]属于[Y]政党。
pid P102	#fact 271	#notrans 727	#notexist 2	#multiword 271,False	#singleword 0,False	oracle 0.0000	time 14.7
pid P530	acc 0.0040/0.0040	len_acc 0.1890/0.1890	prompt [X]与[Y]是邦交国。
pid P530	#fact 1000	#notrans 0	#notexist 0	#multiword 1000,False	#singleword 0,False	oracle 0.0040	time 45.7
pid P176	acc 0.1314/0.1314	len_acc 0.1971/0.1971	prompt [X]的生产商是[Y]。
pid P176	#fact 411	#notrans 587	#notexist 2	#multiword 402,False	#singleword 9,False	oracle 0.1314	time 21.6
pid P27	acc 0.0844/0.0844	len_acc 0.3563/0.3563	prompt [X]的国籍是[Y]。
pid P27	#fact 320	#notrans 678	#notexist 2	#multiword 320,False	#singleword 0,False	oracle 0.0844	time 17.0
pid P407	acc 0.1279/0.1279	len_acc 0.3227/0.3227	prompt [X]的语言是[Y]。
pid P407	#fact 344	#notrans 656	#notexist 0	#multiword 344,False	#singleword 0,False	oracle 0.1279	time 17.1
pid P30	acc 0.0488/0.0488	len_acc 0.2789/0.2789	prompt [X]所属大洲是[Y]。
pid P30	#fact 943	#notrans 56	#notexist 1	#multiword 943,False	#singleword 0,False	oracle 0.0488	time 44.9
pid P178	acc 0.0199/0.0199	len_acc 0.0558/0.0558	prompt [X]是由[Y]开发的。
pid P178	#fact 502	#notrans 494	#notexist 4	#multiword 487,False	#singleword 15,False	oracle 0.0199	time 25.9
pid P1376	acc 0.0033/0.0033	len_acc 0.0713/0.0713	prompt [X]是[Y]的首府。
pid P1376	#fact 912	#notrans 88	#notexist 0	#multiword 912,False	#singleword 0,False	oracle 0.0033	time 42.6
pid P131	acc 0.0080/0.0080	len_acc 0.1061/0.1061	prompt [X]的行政区是[Y]。
pid P131	#fact 622	#notrans 378	#notexist 0	#multiword 622,False	#singleword 0,False	oracle 0.0080	time 33.1
pid P1412	acc 0.1667/0.1667	len_acc 0.3178/0.3178	prompt [X]的语言是[Y]。
pid P1412	#fact 450	#notrans 550	#notexist 0	#multiword 450,False	#singleword 0,False	oracle 0.1667	time 27.0
pid P108	acc 0.0000/0.0000	len_acc 0.0202/0.0202	prompt [X]的雇主是[Y]。
pid P108	#fact 248	#notrans 751	#notexist 1	#multiword 248,False	#singleword 0,False	oracle 0.0000	time 13.9
pid P136	acc 0.0000/0.0000	len_acc 0.0511/0.0511	prompt [X]的艺术流派是[Y]。
pid P136	#fact 411	#notrans 587	#notexist 2	#multiword 411,False	#singleword 0,False	oracle 0.0000	time 22.6
pid P17	acc 0.0645/0.0645	len_acc 0.2411/0.2411	prompt [X]的主权国家是[Y]。
pid P17	#fact 589	#notrans 411	#notexist 0	#multiword 589,False	#singleword 0,False	oracle 0.0645	time 31.7
pid P39	acc 0.0018/0.0018	len_acc 0.0331/0.0331	prompt [X]的职位是[Y]。
pid P39	#fact 543	#notrans 456	#notexist 1	#multiword 543,False	#singleword 0,False	oracle 0.0018	time 30.3
pid P264	acc 0.0055/0.0055	len_acc 0.0164/0.0164	prompt [X]的唱片厂商是[Y]。
pid P264	#fact 183	#notrans 817	#notexist 0	#multiword 182,False	#singleword 1,False	oracle 0.0055	time 9.9
pid P276	acc 0.0690/0.0690	len_acc 0.1778/0.1778	prompt [X]位于[Y]。
pid P276	#fact 478	#notrans 522	#notexist 0	#multiword 477,False	#singleword 1,False	oracle 0.0690	time 23.8
pid P937	acc 0.0032/0.0032	len_acc 0.1290/0.1290	prompt [X]的工作地点是[Y]。
pid P937	#fact 310	#notrans 690	#notexist 0	#multiword 310,False	#singleword 0,False	oracle 0.0032	time 19.0
pid P140	acc 0.0046/0.0046	len_acc 0.0159/0.0159	prompt [X]的宗教信仰是[Y]。
pid P140	#fact 439	#notrans 556	#notexist 5	#multiword 439,False	#singleword 0,False	oracle 0.0046	time 25.3
pid P1303	acc 0.0000/0.0000	len_acc 0.1968/0.1968	prompt [X]演奏[Y]。
pid P1303	#fact 249	#notrans 751	#notexist 0	#multiword 246,False	#singleword 3,False	oracle 0.0000	time 12.6
pid P127	acc 0.0060/0.0060	len_acc 0.0262/0.0262	prompt [X]归[Y]所有。
pid P127	#fact 496	#notrans 502	#notexist 2	#multiword 495,False	#singleword 1,False	oracle 0.0060	time 24.3
pid P103	acc 0.1303/0.1303	len_acc 0.4601/0.4601	prompt [X]的母语是[Y]。
pid P103	#fact 476	#notrans 523	#notexist 1	#multiword 476,False	#singleword 0,False	oracle 0.1303	time 26.6
pid P190	acc 0.0020/0.0020	len_acc 0.1889/0.1889	prompt [X]与[Y]是友好城市。
pid P190	#fact 990	#notrans 10	#notexist 0	#multiword 990,False	#singleword 0,False	oracle 0.0020	time 46.0
pid P1001	acc 0.1280/0.1280	len_acc 0.2070/0.2070	prompt [X]的管辖范围是[Y]。
pid P1001	#fact 633	#notrans 366	#notexist 1	#multiword 633,False	#singleword 0,False	oracle 0.1280	time 36.0
pid P31	acc 0.0654/0.0654	len_acc 0.1874/0.1874	prompt [X]属于[Y]。
pid P31	#fact 459	#notrans 541	#notexist 0	#multiword 415,False	#singleword 44,False	oracle 0.0654	time 21.3
pid P495	acc 0.0382/0.0382	len_acc 0.3562/0.3562	prompt [X]的原产地是[Y]。
pid P495	#fact 393	#notrans 605	#notexist 2	#multiword 393,False	#singleword 0,False	oracle 0.0382	time 19.6
pid P159	acc 0.0909/0.0909	len_acc 0.2523/0.2523	prompt [X]的总部位于[Y]。
pid P159	#fact 539	#notrans 460	#notexist 1	#multiword 539,False	#singleword 0,False	oracle 0.0909	time 28.0
pid P36	acc 0.0595/0.0595	len_acc 0.2346/0.2346	prompt [X]的行政中心是[Y]。
pid P36	#fact 908	#notrans 89	#notexist 3	#multiword 908,False	#singleword 0,False	oracle 0.0595	time 48.3
pid P740	acc 0.0000/0.0000	len_acc 0.1841/0.1841	prompt [X]成立于[Y]。
pid P740	#fact 364	#notrans 634	#notexist 2	#multiword 364,False	#singleword 0,False	oracle 0.0000	time 17.4
pid P361	acc 0.0034/0.0034	len_acc 0.0341/0.0341	prompt [X]构成[Y]。
pid P361	#fact 587	#notrans 411	#notexist 2	#multiword 580,False	#singleword 7,False	oracle 0.0034	time 29.7
acc per fact 781/23142=0.0337	acc per relation 0.033080688797843	avg iter 4.397623089983022	num_max_mask 4544
