[dynet] random seed: 4278390662
[dynet] allocating memory: 512MB
[dynet] memory allocation done.
load data
load model
pid P19	acc 0.0061/0.0061	len_acc 0.2545/0.2545	prompt [X]的出生地是[Y]。
pid P19	#fact 165	#notrans 835	#notexist 0	#multiword 165,False	#singleword 0,False	oracle 0.0061	time 7.2
pid P20	acc 0.0096/0.0096	len_acc 0.2596/0.2596	prompt [X]的死亡地是[Y]。
pid P20	#fact 208	#notrans 790	#notexist 2	#multiword 208,False	#singleword 0,False	oracle 0.0096	time 9.1
pid P279	acc 0.0239/0.0239	len_acc 0.2451/0.2451	prompt [X]的父类是[Y]。
pid P279	#fact 710	#notrans 278	#notexist 12	#multiword 676,False	#singleword 34,False	oracle 0.0239	time 25.7
pid P37	acc 0.0277/0.0277	len_acc 0.2851/0.2851	prompt [X]的官方语言是[Y]。
pid P37	#fact 975	#notrans 25	#notexist 0	#multiword 975,False	#singleword 0,False	oracle 0.0277	time 37.6
pid P413	acc 0.3822/0.3822	len_acc 0.5550/0.5550	prompt [X]的场上位置是[Y]。
pid P413	#fact 191	#notrans 807	#notexist 2	#multiword 191,False	#singleword 0,False	oracle 0.3822	time 7.8
pid P166	acc 0.0000/0.0000	len_acc 0.0047/0.0047	prompt [X]被授予[Y]。
pid P166	#fact 429	#notrans 569	#notexist 2	#multiword 429,False	#singleword 0,False	oracle 0.0000	time 16.8
pid P449	acc 0.0000/0.0000	len_acc 0.1671/0.1671	prompt [X]首播于[Y]。
pid P449	#fact 401	#notrans 597	#notexist 2	#multiword 382,False	#singleword 19,False	oracle 0.0000	time 14.7
pid P69	acc 0.0000/0.0000	len_acc 0.1769/0.1769	prompt [X]就读于[Y]。
pid P69	#fact 130	#notrans 870	#notexist 0	#multiword 130,False	#singleword 0,False	oracle 0.0000	time 5.2
pid P47	acc 0.0051/0.0051	len_acc 0.2503/0.2503	prompt [X]和[Y]接壤。
pid P47	#fact 983	#notrans 16	#notexist 1	#multiword 983,False	#singleword 0,False	oracle 0.0051	time 34.8
pid P138	acc 0.1149/0.1149	len_acc 0.2639/0.2639	prompt [X]是以[Y]命名的。
pid P138	#fact 557	#notrans 437	#notexist 6	#multiword 553,False	#singleword 4,False	oracle 0.1149	time 22.9
pid P364	acc 0.0221/0.0221	len_acc 0.2390/0.2390	prompt [X]的创作语言是[Y]。
pid P364	#fact 272	#notrans 726	#notexist 2	#multiword 272,False	#singleword 0,False	oracle 0.0221	time 10.9
pid P54	acc 0.0000/0.0000	len_acc 0.0330/0.0330	prompt [X]的所属运动队是[Y]。
pid P54	#fact 182	#notrans 818	#notexist 0	#multiword 182,False	#singleword 0,False	oracle 0.0000	time 7.9
pid P463	acc 0.0035/0.0035	len_acc 0.1315/0.1315	prompt [X]是[Y]的成员。
pid P463	#fact 578	#notrans 420	#notexist 2	#multiword 574,False	#singleword 4,False	oracle 0.0035	time 22.2
pid P101	acc 0.0042/0.0042	len_acc 0.1875/0.1875	prompt [X]的工作领域是[Y]。
pid P101	#fact 480	#notrans 520	#notexist 0	#multiword 478,False	#singleword 2,False	oracle 0.0042	time 20.2
pid P1923	acc 0.0000/0.0000	len_acc 0.0103/0.0103	prompt [X]的参与队伍是[Y]。
pid P1923	#fact 873	#notrans 115	#notexist 12	#multiword 873,False	#singleword 0,False	oracle 0.0000	time 35.3
pid P106	acc 0.0031/0.0031	len_acc 0.2673/0.2673	prompt [X]的职业是[Y]。
pid P106	#fact 318	#notrans 681	#notexist 1	#multiword 317,False	#singleword 1,False	oracle 0.0031	time 12.2
pid P527	acc 0.0065/0.0065	len_acc 0.1452/0.1452	prompt [X]子类是[Y]。
pid P527	#fact 620	#notrans 350	#notexist 30	#multiword 555,False	#singleword 65,False	oracle 0.0065	time 21.8
pid P102	acc 0.0443/0.0443	len_acc 0.1587/0.1587	prompt [X]属于[Y]政党。
pid P102	#fact 271	#notrans 727	#notexist 2	#multiword 271,False	#singleword 0,False	oracle 0.0443	time 11.1
pid P530	acc 0.0080/0.0080	len_acc 0.2660/0.2660	prompt [X]与[Y]是邦交国。
pid P530	#fact 1000	#notrans 0	#notexist 0	#multiword 1000,False	#singleword 0,False	oracle 0.0080	time 35.0
pid P176	acc 0.1363/0.1363	len_acc 0.2725/0.2725	prompt [X]的生产商是[Y]。
pid P176	#fact 411	#notrans 587	#notexist 2	#multiword 402,False	#singleword 9,False	oracle 0.1363	time 15.8
pid P27	acc 0.0750/0.0750	len_acc 0.2188/0.2188	prompt [X]的国籍是[Y]。
pid P27	#fact 320	#notrans 678	#notexist 2	#multiword 320,False	#singleword 0,False	oracle 0.0750	time 12.6
pid P407	acc 0.0785/0.0785	len_acc 0.3052/0.3052	prompt [X]的语言是[Y]。
pid P407	#fact 344	#notrans 656	#notexist 0	#multiword 344,False	#singleword 0,False	oracle 0.0785	time 12.9
pid P30	acc 0.0117/0.0117	len_acc 0.1972/0.1972	prompt [X]所属大洲是[Y]。
pid P30	#fact 943	#notrans 56	#notexist 1	#multiword 943,False	#singleword 0,False	oracle 0.0117	time 33.3
pid P178	acc 0.0080/0.0080	len_acc 0.1873/0.1873	prompt [X]是由[Y]开发的。
pid P178	#fact 502	#notrans 494	#notexist 4	#multiword 487,False	#singleword 15,False	oracle 0.0080	time 19.5
pid P1376	acc 0.0055/0.0055	len_acc 0.1820/0.1820	prompt [X]是[Y]的首府。
pid P1376	#fact 912	#notrans 88	#notexist 0	#multiword 912,False	#singleword 0,False	oracle 0.0055	time 31.2
pid P131	acc 0.0193/0.0193	len_acc 0.2347/0.2347	prompt [X]的行政区是[Y]。
pid P131	#fact 622	#notrans 378	#notexist 0	#multiword 622,False	#singleword 0,False	oracle 0.0193	time 24.3
pid P1412	acc 0.1000/0.1000	len_acc 0.2844/0.2844	prompt [X]的语言是[Y]。
pid P1412	#fact 450	#notrans 550	#notexist 0	#multiword 450,False	#singleword 0,False	oracle 0.1000	time 20.5
pid P108	acc 0.0000/0.0000	len_acc 0.1371/0.1371	prompt [X]的雇主是[Y]。
pid P108	#fact 248	#notrans 751	#notexist 1	#multiword 248,False	#singleword 0,False	oracle 0.0000	time 10.3
pid P136	acc 0.0000/0.0000	len_acc 0.3771/0.3771	prompt [X]的艺术流派是[Y]。
pid P136	#fact 411	#notrans 587	#notexist 2	#multiword 411,False	#singleword 0,False	oracle 0.0000	time 16.1
pid P17	acc 0.0611/0.0611	len_acc 0.2581/0.2581	prompt [X]的主权国家是[Y]。
pid P17	#fact 589	#notrans 411	#notexist 0	#multiword 589,False	#singleword 0,False	oracle 0.0611	time 23.5
pid P39	acc 0.0166/0.0166	len_acc 0.1915/0.1915	prompt [X]的职位是[Y]。
pid P39	#fact 543	#notrans 456	#notexist 1	#multiword 543,False	#singleword 0,False	oracle 0.0166	time 22.3
pid P264	acc 0.0000/0.0000	len_acc 0.1858/0.1858	prompt [X]的唱片厂商是[Y]。
pid P264	#fact 183	#notrans 817	#notexist 0	#multiword 182,False	#singleword 1,False	oracle 0.0000	time 7.4
pid P276	acc 0.0962/0.0962	len_acc 0.3138/0.3138	prompt [X]位于[Y]。
pid P276	#fact 478	#notrans 522	#notexist 0	#multiword 477,False	#singleword 1,False	oracle 0.0962	time 18.3
pid P937	acc 0.0097/0.0097	len_acc 0.2742/0.2742	prompt [X]的工作地点是[Y]。
pid P937	#fact 310	#notrans 690	#notexist 0	#multiword 310,False	#singleword 0,False	oracle 0.0097	time 14.2
pid P140	acc 0.0228/0.0228	len_acc 0.3121/0.3121	prompt [X]的宗教信仰是[Y]。
pid P140	#fact 439	#notrans 556	#notexist 5	#multiword 439,False	#singleword 0,False	oracle 0.0228	time 18.5
pid P1303	acc 0.0000/0.0000	len_acc 0.4378/0.4378	prompt [X]演奏[Y]。
pid P1303	#fact 249	#notrans 751	#notexist 0	#multiword 246,False	#singleword 3,False	oracle 0.0000	time 9.4
pid P127	acc 0.0161/0.0161	len_acc 0.1613/0.1613	prompt [X]归[Y]所有。
pid P127	#fact 496	#notrans 502	#notexist 2	#multiword 495,False	#singleword 1,False	oracle 0.0161	time 18.7
pid P103	acc 0.1303/0.1303	len_acc 0.3782/0.3782	prompt [X]的母语是[Y]。
pid P103	#fact 476	#notrans 523	#notexist 1	#multiword 476,False	#singleword 0,False	oracle 0.1303	time 19.8
pid P190	acc 0.0061/0.0061	len_acc 0.2747/0.2747	prompt [X]与[Y]是友好城市。
pid P190	#fact 990	#notrans 10	#notexist 0	#multiword 990,False	#singleword 0,False	oracle 0.0061	time 34.1
pid P1001	acc 0.2828/0.2828	len_acc 0.4597/0.4597	prompt [X]的管辖范围是[Y]。
pid P1001	#fact 633	#notrans 366	#notexist 1	#multiword 633,False	#singleword 0,False	oracle 0.2828	time 27.3
pid P31	acc 0.0414/0.0414	len_acc 0.2331/0.2331	prompt [X]属于[Y]。
pid P31	#fact 459	#notrans 541	#notexist 0	#multiword 415,False	#singleword 44,False	oracle 0.0414	time 16.5
pid P495	acc 0.0407/0.0407	len_acc 0.2824/0.2824	prompt [X]的原产地是[Y]。
pid P495	#fact 393	#notrans 605	#notexist 2	#multiword 393,False	#singleword 0,False	oracle 0.0407	time 14.9
pid P159	acc 0.1336/0.1336	len_acc 0.3970/0.3970	prompt [X]的总部位于[Y]。
pid P159	#fact 539	#notrans 460	#notexist 1	#multiword 539,False	#singleword 0,False	oracle 0.1336	time 21.1
pid P36	acc 0.0914/0.0914	len_acc 0.3645/0.3645	prompt [X]的行政中心是[Y]。
pid P36	#fact 908	#notrans 89	#notexist 3	#multiword 908,False	#singleword 0,False	oracle 0.0914	time 36.8
pid P740	acc 0.0082/0.0082	len_acc 0.2995/0.2995	prompt [X]成立于[Y]。
pid P740	#fact 364	#notrans 634	#notexist 2	#multiword 364,False	#singleword 0,False	oracle 0.0082	time 13.1
pid P361	acc 0.0068/0.0068	len_acc 0.1414/0.1414	prompt [X]构成[Y]。
pid P361	#fact 587	#notrans 411	#notexist 2	#multiword 580,False	#singleword 7,False	oracle 0.0068	time 22.6
acc per fact 964/23142=0.0417	acc per relation 0.0447602580025535	avg iter 4.204923599320883	num_max_mask 4544
