[dynet] random seed: 3135076636
[dynet] allocating memory: 512MB
[dynet] memory allocation done.
load data
load model
pid P19	acc 0.0670/0.0670	len_acc 0.4510/0.4510	prompt [X] was born in [Y] .
pid P19	#fact 1000	#notrans 0	#notexist 0	#multiword 463,False	#singleword 537,False	oracle 0.0670	time 32.6
pid P20	acc 0.0610/0.0610	len_acc 0.5650/0.5650	prompt [X] died in [Y] .
pid P20	#fact 1000	#notrans 0	#notexist 0	#multiword 366,False	#singleword 634,False	oracle 0.0610	time 32.8
pid P279	acc 0.1401/0.1401	len_acc 0.3423/0.3423	prompt [X] is a subclass of [Y] .
pid P279	#fact 999	#notrans 1	#notexist 0	#multiword 714,False	#singleword 285,False	oracle 0.1401	time 34.9
pid P37	acc 0.3500/0.3500	len_acc 0.7080/0.7080	prompt The official language of [X] is [Y] .
pid P37	#fact 1000	#notrans 0	#notexist 0	#multiword 197,False	#singleword 803,False	oracle 0.3500	time 32.5
pid P413	acc 0.0010/0.0010	len_acc 0.5630/0.5630	prompt [X] plays in [Y] position .
pid P413	#fact 1000	#notrans 0	#notexist 0	#multiword 407,False	#singleword 593,False	oracle 0.0010	time 33.7
pid P166	acc 0.0000/0.0000	len_acc 0.0020/0.0020	prompt [X] was awarded the [Y] .
pid P166	#fact 1000	#notrans 0	#notexist 0	#multiword 1000,False	#singleword 0,False	oracle 0.0000	time 32.7
pid P449	acc 0.0581/0.0581	len_acc 0.2846/0.2846	prompt [X] was originally aired on [Y] .
pid P449	#fact 998	#notrans 1	#notexist 1	#multiword 717,False	#singleword 281,False	oracle 0.0581	time 34.2
pid P69	acc 0.0000/0.0000	len_acc 0.0090/0.0090	prompt [X] was educated at the University of [Y] .
pid P69	#fact 995	#notrans 5	#notexist 0	#multiword 992,False	#singleword 3,False	oracle 0.0000	time 34.7
pid P47	acc 0.0090/0.0090	len_acc 0.4870/0.4870	prompt [X] shares border with [Y] .
pid P47	#fact 1000	#notrans 0	#notexist 0	#multiword 435,False	#singleword 565,False	oracle 0.0090	time 32.8
pid P138	acc 0.2748/0.2748	len_acc 0.4219/0.4219	prompt [X] is named after [Y] .
pid P138	#fact 979	#notrans 0	#notexist 21	#multiword 841,False	#singleword 138,False	oracle 0.2748	time 32.3
pid P364	acc 0.3427/0.3427	len_acc 0.9008/0.9008	prompt The original language of [X] is [Y] .
pid P364	#fact 998	#notrans 1	#notexist 1	#multiword 39,False	#singleword 959,False	oracle 0.3427	time 34.6
pid P54	acc 0.0000/0.0000	len_acc 0.0671/0.0671	prompt [X] plays with [Y] .
pid P54	#fact 999	#notrans 1	#notexist 0	#multiword 995,False	#singleword 4,False	oracle 0.0000	time 34.3
pid P463	acc 0.0100/0.0100	len_acc 0.1662/0.1662	prompt [X] is a member of [Y] .
pid P463	#fact 999	#notrans 0	#notexist 1	#multiword 938,False	#singleword 61,False	oracle 0.0100	time 32.5
pid P101	acc 0.0281/0.0281	len_acc 0.1613/0.1613	prompt [X] works in the field of [Y] .
pid P101	#fact 998	#notrans 1	#notexist 1	#multiword 851,False	#singleword 147,False	oracle 0.0281	time 33.8
pid P1923	acc 0.0000/0.0000	len_acc 0.0206/0.0206	prompt [Y] participated in the [X] .
pid P1923	#fact 874	#notrans 5	#notexist 121	#multiword 873,False	#singleword 1,False	oracle 0.0000	time 29.7
pid P106	acc 0.0281/0.0281	len_acc 0.7540/0.7540	prompt [X] is a [Y] by profession .
pid P106	#fact 996	#notrans 4	#notexist 0	#multiword 226,False	#singleword 770,False	oracle 0.0281	time 32.4
pid P527	acc 0.0161/0.0161	len_acc 0.1747/0.1747	prompt [X] consists of [Y] .
pid P527	#fact 996	#notrans 0	#notexist 4	#multiword 842,False	#singleword 154,False	oracle 0.0161	time 32.5
pid P102	acc 0.0000/0.0000	len_acc 0.0110/0.0110	prompt [X] is a member of the [Y] political party .
pid P102	#fact 997	#notrans 3	#notexist 0	#multiword 993,False	#singleword 4,False	oracle 0.0000	time 35.8
pid P530	acc 0.0060/0.0060	len_acc 0.7130/0.7130	prompt [X] maintains diplomatic relations with [Y] .
pid P530	#fact 1000	#notrans 0	#notexist 0	#multiword 149,False	#singleword 851,False	oracle 0.0060	time 32.2
pid P176	acc 0.2952/0.2952	len_acc 0.3745/0.3745	prompt [X] is produced by [Y] .
pid P176	#fact 996	#notrans 0	#notexist 4	#multiword 685,False	#singleword 311,False	oracle 0.2952	time 32.6
pid P27	acc 0.0000/0.0000	len_acc 0.4400/0.4400	prompt [X] is [Y] citizen .
pid P27	#fact 1000	#notrans 0	#notexist 0	#multiword 537,False	#singleword 463,False	oracle 0.0000	time 33.4
pid P407	acc 0.2480/0.2480	len_acc 0.7781/0.7781	prompt [X] was written in [Y] .
pid P407	#fact 996	#notrans 0	#notexist 4	#multiword 45,False	#singleword 951,False	oracle 0.2480	time 33.6
pid P30	acc 0.0250/0.0250	len_acc 0.2490/0.2490	prompt [X] is located in [Y] .
pid P30	#fact 1000	#notrans 0	#notexist 0	#multiword 49,False	#singleword 951,False	oracle 0.0250	time 33.5
pid P178	acc 0.1055/0.1055	len_acc 0.2844/0.2844	prompt [X] is developed by [Y] .
pid P178	#fact 995	#notrans 3	#notexist 2	#multiword 802,False	#singleword 193,False	oracle 0.1055	time 33.4
pid P1376	acc 0.1013/0.1013	len_acc 0.2828/0.2828	prompt [X] is the capital of [Y] .
pid P1376	#fact 997	#notrans 1	#notexist 2	#multiword 745,False	#singleword 252,False	oracle 0.1013	time 33.7
pid P131	acc 0.0930/0.0930	len_acc 0.3140/0.3140	prompt [X] is located in [Y] .
pid P131	#fact 1000	#notrans 0	#notexist 0	#multiword 590,False	#singleword 410,False	oracle 0.0930	time 33.1
pid P1412	acc 0.1970/0.1970	len_acc 0.7860/0.7860	prompt [X] used to communicate in [Y] .
pid P1412	#fact 1000	#notrans 0	#notexist 0	#multiword 21,False	#singleword 979,False	oracle 0.1970	time 33.8
pid P108	acc 0.0020/0.0020	len_acc 0.1045/0.1045	prompt [X] works for [Y] .
pid P108	#fact 995	#notrans 5	#notexist 0	#multiword 962,False	#singleword 33,False	oracle 0.0020	time 33.1
pid P136	acc 0.0040/0.0040	len_acc 0.1946/0.1946	prompt [X] plays [Y] music .
pid P136	#fact 997	#notrans 2	#notexist 1	#multiword 804,False	#singleword 193,False	oracle 0.0040	time 33.7
pid P17	acc 0.0843/0.0843	len_acc 0.3082/0.3082	prompt [X] is located in [Y] .
pid P17	#fact 996	#notrans 0	#notexist 4	#multiword 270,False	#singleword 726,False	oracle 0.0843	time 33.2
pid P39	acc 0.0050/0.0050	len_acc 0.1612/0.1612	prompt [X] has the position of [Y] .
pid P39	#fact 999	#notrans 0	#notexist 1	#multiword 859,False	#singleword 140,False	oracle 0.0050	time 34.0
pid P264	acc 0.0000/0.0000	len_acc 0.2174/0.2174	prompt [X] is represented by music label [Y] .
pid P264	#fact 998	#notrans 0	#notexist 2	#multiword 909,False	#singleword 89,False	oracle 0.0000	time 34.5
pid P276	acc 0.2085/0.2085	len_acc 0.4028/0.4028	prompt [X] is located in [Y] .
pid P276	#fact 993	#notrans 0	#notexist 7	#multiword 702,False	#singleword 291,False	oracle 0.2085	time 33.1
pid P937	acc 0.2070/0.2070	len_acc 0.7810/0.7810	prompt [X] used to work in [Y] .
pid P937	#fact 1000	#notrans 0	#notexist 0	#multiword 151,False	#singleword 849,False	oracle 0.2070	time 33.5
pid P140	acc 0.0000/0.0000	len_acc 0.5302/0.5302	prompt [X] is affiliated with the [Y] religion .
pid P140	#fact 994	#notrans 2	#notexist 4	#multiword 837,False	#singleword 157,False	oracle 0.0000	time 34.3
pid P1303	acc 0.0060/0.0060	len_acc 0.4985/0.4985	prompt [X] plays [Y] .
pid P1303	#fact 999	#notrans 1	#notexist 0	#multiword 335,False	#singleword 664,False	oracle 0.0060	time 33.2
pid P127	acc 0.0331/0.0331	len_acc 0.2227/0.2227	prompt [X] is owned by [Y] .
pid P127	#fact 997	#notrans 0	#notexist 3	#multiword 840,False	#singleword 157,False	oracle 0.0331	time 32.7
pid P103	acc 0.7247/0.7247	len_acc 0.9630/0.9630	prompt The native language of [X] is [Y] .
pid P103	#fact 999	#notrans 0	#notexist 1	#multiword 19,False	#singleword 980,False	oracle 0.7247	time 33.7
pid P190	acc 0.0140/0.0140	len_acc 0.5992/0.5992	prompt [X] and [Y] are twin cities .
pid P190	#fact 998	#notrans 2	#notexist 0	#multiword 312,False	#singleword 686,False	oracle 0.0140	time 32.9
pid P1001	acc 0.5446/0.5446	len_acc 0.6103/0.6103	prompt [X] is a legal term in [Y] .
pid P1001	#fact 975	#notrans 1	#notexist 24	#multiword 456,False	#singleword 519,False	oracle 0.5446	time 34.7
pid P31	acc 0.1376/0.1376	len_acc 0.3635/0.3635	prompt [X] is a [Y] .
pid P31	#fact 996	#notrans 0	#notexist 4	#multiword 690,False	#singleword 306,False	oracle 0.1376	time 32.8
pid P495	acc 0.0060/0.0060	len_acc 0.1846/0.1846	prompt [X] was created in [Y] .
pid P495	#fact 997	#notrans 0	#notexist 3	#multiword 771,False	#singleword 226,False	oracle 0.0060	time 33.1
pid P159	acc 0.2374/0.2374	len_acc 0.4869/0.4869	prompt The headquarter of [X] is in [Y] .
pid P159	#fact 990	#notrans 10	#notexist 0	#multiword 428,False	#singleword 562,False	oracle 0.2374	time 36.0
pid P36	acc 0.3126/0.3126	len_acc 0.4854/0.4854	prompt The capital of [X] is [Y] .
pid P36	#fact 995	#notrans 1	#notexist 4	#multiword 686,False	#singleword 309,False	oracle 0.3126	time 32.9
pid P740	acc 0.0091/0.0091	len_acc 0.3706/0.3706	prompt [X] was founded in [Y] .
pid P740	#fact 993	#notrans 5	#notexist 2	#multiword 376,False	#singleword 617,False	oracle 0.0091	time 32.8
pid P361	acc 0.0281/0.0281	len_acc 0.2320/0.2320	prompt [X] is part of [Y] .
pid P361	#fact 961	#notrans 0	#notexist 39	#multiword 862,False	#singleword 99,False	oracle 0.0281	time 31.9
acc per fact 4989/45684=0.1092	acc per relation 0.10915043685844973	avg iter 3.0	num_max_mask 1853
