[dynet] random seed: 3485603126
[dynet] allocating memory: 512MB
[dynet] memory allocation done.
load data
load model
pid P19	acc 0.0640/0.0640	len_acc 0.4440/0.4440	prompt [X] was born in [Y] .
pid P19	#fact 1000	#notrans 0	#notexist 0	#multiword 463,False	#singleword 537,False	oracle 0.0640	time 47.0
pid P20	acc 0.0600/0.0600	len_acc 0.5610/0.5610	prompt [X] died in [Y] .
pid P20	#fact 1000	#notrans 0	#notexist 0	#multiword 366,False	#singleword 634,False	oracle 0.0600	time 47.6
pid P279	acc 0.1401/0.1401	len_acc 0.3413/0.3413	prompt [X] is a subclass of [Y] .
pid P279	#fact 999	#notrans 1	#notexist 0	#multiword 714,False	#singleword 285,False	oracle 0.1401	time 50.3
pid P37	acc 0.3500/0.3500	len_acc 0.7070/0.7070	prompt The official language of [X] is [Y] .
pid P37	#fact 1000	#notrans 0	#notexist 0	#multiword 197,False	#singleword 803,False	oracle 0.3500	time 47.2
pid P413	acc 0.0010/0.0010	len_acc 0.5340/0.5340	prompt [X] plays in [Y] position .
pid P413	#fact 1000	#notrans 0	#notexist 0	#multiword 407,False	#singleword 593,False	oracle 0.0010	time 46.8
pid P166	acc 0.0040/0.0040	len_acc 0.0200/0.0200	prompt [X] was awarded the [Y] .
pid P166	#fact 1000	#notrans 0	#notexist 0	#multiword 1000,False	#singleword 0,False	oracle 0.0040	time 47.3
pid P449	acc 0.0571/0.0571	len_acc 0.2796/0.2796	prompt [X] was originally aired on [Y] .
pid P449	#fact 998	#notrans 1	#notexist 1	#multiword 717,False	#singleword 281,False	oracle 0.0571	time 49.7
pid P69	acc 0.0000/0.0000	len_acc 0.0090/0.0090	prompt [X] was educated at the University of [Y] .
pid P69	#fact 995	#notrans 5	#notexist 0	#multiword 992,False	#singleword 3,False	oracle 0.0000	time 50.0
pid P47	acc 0.0100/0.0100	len_acc 0.4840/0.4840	prompt [X] shares border with [Y] .
pid P47	#fact 1000	#notrans 0	#notexist 0	#multiword 435,False	#singleword 565,False	oracle 0.0100	time 47.8
pid P138	acc 0.2748/0.2748	len_acc 0.4249/0.4249	prompt [X] is named after [Y] .
pid P138	#fact 979	#notrans 0	#notexist 21	#multiword 841,False	#singleword 138,False	oracle 0.2748	time 45.8
pid P364	acc 0.3427/0.3427	len_acc 0.8998/0.8998	prompt The original language of [X] is [Y] .
pid P364	#fact 998	#notrans 1	#notexist 1	#multiword 39,False	#singleword 959,False	oracle 0.3427	time 50.1
pid P54	acc 0.0000/0.0000	len_acc 0.0691/0.0691	prompt [X] plays with [Y] .
pid P54	#fact 999	#notrans 1	#notexist 0	#multiword 995,False	#singleword 4,False	oracle 0.0000	time 48.5
pid P463	acc 0.0100/0.0100	len_acc 0.1712/0.1712	prompt [X] is a member of [Y] .
pid P463	#fact 999	#notrans 0	#notexist 1	#multiword 938,False	#singleword 61,False	oracle 0.0100	time 46.2
pid P101	acc 0.0240/0.0240	len_acc 0.1703/0.1703	prompt [X] works in the field of [Y] .
pid P101	#fact 998	#notrans 1	#notexist 1	#multiword 851,False	#singleword 147,False	oracle 0.0240	time 48.9
pid P1923	acc 0.0000/0.0000	len_acc 0.0206/0.0206	prompt [Y] participated in the [X] .
pid P1923	#fact 874	#notrans 5	#notexist 121	#multiword 873,False	#singleword 1,False	oracle 0.0000	time 42.5
pid P106	acc 0.0241/0.0241	len_acc 0.7269/0.7269	prompt [X] is a [Y] by profession .
pid P106	#fact 996	#notrans 4	#notexist 0	#multiword 226,False	#singleword 770,False	oracle 0.0241	time 46.9
pid P527	acc 0.0161/0.0161	len_acc 0.1817/0.1817	prompt [X] consists of [Y] .
pid P527	#fact 996	#notrans 0	#notexist 4	#multiword 842,False	#singleword 154,False	oracle 0.0161	time 47.1
pid P102	acc 0.0000/0.0000	len_acc 0.0100/0.0100	prompt [X] is a member of the [Y] political party .
pid P102	#fact 997	#notrans 3	#notexist 0	#multiword 993,False	#singleword 4,False	oracle 0.0000	time 51.7
pid P530	acc 0.0060/0.0060	len_acc 0.7000/0.7000	prompt [X] maintains diplomatic relations with [Y] .
pid P530	#fact 1000	#notrans 0	#notexist 0	#multiword 149,False	#singleword 851,False	oracle 0.0060	time 45.9
pid P176	acc 0.2922/0.2922	len_acc 0.3715/0.3715	prompt [X] is produced by [Y] .
pid P176	#fact 996	#notrans 0	#notexist 4	#multiword 685,False	#singleword 311,False	oracle 0.2922	time 46.4
pid P27	acc 0.0000/0.0000	len_acc 0.4400/0.4400	prompt [X] is [Y] citizen .
pid P27	#fact 1000	#notrans 0	#notexist 0	#multiword 537,False	#singleword 463,False	oracle 0.0000	time 47.2
pid P407	acc 0.2480/0.2480	len_acc 0.7661/0.7661	prompt [X] was written in [Y] .
pid P407	#fact 996	#notrans 0	#notexist 4	#multiword 45,False	#singleword 951,False	oracle 0.2480	time 48.9
pid P30	acc 0.0250/0.0250	len_acc 0.2460/0.2460	prompt [X] is located in [Y] .
pid P30	#fact 1000	#notrans 0	#notexist 0	#multiword 49,False	#singleword 951,False	oracle 0.0250	time 47.7
pid P178	acc 0.1055/0.1055	len_acc 0.2884/0.2884	prompt [X] is developed by [Y] .
pid P178	#fact 995	#notrans 3	#notexist 2	#multiword 802,False	#singleword 193,False	oracle 0.1055	time 48.8
pid P1376	acc 0.1013/0.1013	len_acc 0.2818/0.2818	prompt [X] is the capital of [Y] .
pid P1376	#fact 997	#notrans 1	#notexist 2	#multiword 745,False	#singleword 252,False	oracle 0.1013	time 48.8
pid P131	acc 0.0930/0.0930	len_acc 0.3140/0.3140	prompt [X] is located in [Y] .
pid P131	#fact 1000	#notrans 0	#notexist 0	#multiword 590,False	#singleword 410,False	oracle 0.0930	time 46.8
pid P1412	acc 0.1950/0.1950	len_acc 0.7800/0.7800	prompt [X] used to communicate in [Y] .
pid P1412	#fact 1000	#notrans 0	#notexist 0	#multiword 21,False	#singleword 979,False	oracle 0.1950	time 47.4
pid P108	acc 0.0020/0.0020	len_acc 0.1116/0.1116	prompt [X] works for [Y] .
pid P108	#fact 995	#notrans 5	#notexist 0	#multiword 962,False	#singleword 33,False	oracle 0.0020	time 47.9
pid P136	acc 0.0040/0.0040	len_acc 0.2016/0.2016	prompt [X] plays [Y] music .
pid P136	#fact 997	#notrans 2	#notexist 1	#multiword 804,False	#singleword 193,False	oracle 0.0040	time 48.9
pid P17	acc 0.0833/0.0833	len_acc 0.3052/0.3052	prompt [X] is located in [Y] .
pid P17	#fact 996	#notrans 0	#notexist 4	#multiword 270,False	#singleword 726,False	oracle 0.0833	time 46.8
pid P39	acc 0.0060/0.0060	len_acc 0.1732/0.1732	prompt [X] has the position of [Y] .
pid P39	#fact 999	#notrans 0	#notexist 1	#multiword 859,False	#singleword 140,False	oracle 0.0060	time 49.2
pid P264	acc 0.0000/0.0000	len_acc 0.2285/0.2285	prompt [X] is represented by music label [Y] .
pid P264	#fact 998	#notrans 0	#notexist 2	#multiword 909,False	#singleword 89,False	oracle 0.0000	time 49.8
pid P276	acc 0.2085/0.2085	len_acc 0.4028/0.4028	prompt [X] is located in [Y] .
pid P276	#fact 993	#notrans 0	#notexist 7	#multiword 702,False	#singleword 291,False	oracle 0.2085	time 46.7
pid P937	acc 0.2070/0.2070	len_acc 0.7810/0.7810	prompt [X] used to work in [Y] .
pid P937	#fact 1000	#notrans 0	#notexist 0	#multiword 151,False	#singleword 849,False	oracle 0.2070	time 47.0
pid P140	acc 0.0000/0.0000	len_acc 0.5282/0.5282	prompt [X] is affiliated with the [Y] religion .
pid P140	#fact 994	#notrans 2	#notexist 4	#multiword 837,False	#singleword 157,False	oracle 0.0000	time 48.1
pid P1303	acc 0.0060/0.0060	len_acc 0.4665/0.4665	prompt [X] plays [Y] .
pid P1303	#fact 999	#notrans 1	#notexist 0	#multiword 335,False	#singleword 664,False	oracle 0.0060	time 48.6
pid P127	acc 0.0331/0.0331	len_acc 0.2237/0.2237	prompt [X] is owned by [Y] .
pid P127	#fact 997	#notrans 0	#notexist 3	#multiword 840,False	#singleword 157,False	oracle 0.0331	time 47.0
pid P103	acc 0.7237/0.7237	len_acc 0.9620/0.9620	prompt The native language of [X] is [Y] .
pid P103	#fact 999	#notrans 0	#notexist 1	#multiword 19,False	#singleword 980,False	oracle 0.7237	time 49.0
pid P190	acc 0.0140/0.0140	len_acc 0.5782/0.5782	prompt [X] and [Y] are twin cities .
pid P190	#fact 998	#notrans 2	#notexist 0	#multiword 312,False	#singleword 686,False	oracle 0.0140	time 48.2
pid P1001	acc 0.5446/0.5446	len_acc 0.6092/0.6092	prompt [X] is a legal term in [Y] .
pid P1001	#fact 975	#notrans 1	#notexist 24	#multiword 456,False	#singleword 519,False	oracle 0.5446	time 50.5
pid P31	acc 0.1345/0.1345	len_acc 0.3695/0.3695	prompt [X] is a [Y] .
pid P31	#fact 996	#notrans 0	#notexist 4	#multiword 690,False	#singleword 306,False	oracle 0.1345	time 47.6
pid P495	acc 0.0060/0.0060	len_acc 0.1785/0.1785	prompt [X] was created in [Y] .
pid P495	#fact 997	#notrans 0	#notexist 3	#multiword 771,False	#singleword 226,False	oracle 0.0060	time 46.1
pid P159	acc 0.2354/0.2354	len_acc 0.4808/0.4808	prompt The headquarter of [X] is in [Y] .
pid P159	#fact 990	#notrans 10	#notexist 0	#multiword 428,False	#singleword 562,False	oracle 0.2354	time 51.9
pid P36	acc 0.3085/0.3085	len_acc 0.4834/0.4834	prompt The capital of [X] is [Y] .
pid P36	#fact 995	#notrans 1	#notexist 4	#multiword 686,False	#singleword 309,False	oracle 0.3085	time 47.8
pid P740	acc 0.0091/0.0091	len_acc 0.3686/0.3686	prompt [X] was founded in [Y] .
pid P740	#fact 993	#notrans 5	#notexist 2	#multiword 376,False	#singleword 617,False	oracle 0.0091	time 46.1
pid P361	acc 0.0281/0.0281	len_acc 0.2352/0.2352	prompt [X] is part of [Y] .
pid P361	#fact 961	#notrans 0	#notexist 39	#multiword 862,False	#singleword 99,False	oracle 0.0281	time 45.9
acc per fact 4966/45684=0.1087	acc per relation 0.10864838252650147	avg iter 4.34089917066783	num_max_mask 1853
